<?xml version="1.0" encoding="UTF-8"?>
<!-- Generated by org.testng.reporters.JUnitReportReporter -->
<testsuite hostname="DESKTOP-TQA70RE" failures="0" tests="1" name="mytests.ExpectedExceptonConcept" time="0.024" errors="0" timestamp="06 Feb 2022 18:00:10 GMT" skipped="0">
  <testcase classname="mytests.ExpectedExceptonConcept" name="searchTest" time="0.024"/>
</testsuite> <!-- mytests.ExpectedExceptonConcept -->
