<?xml version="1.0" encoding="UTF-8"?>
<!-- Generated by org.testng.reporters.JUnitReportReporter -->
<testsuite hostname="DESKTOP-TQA70RE" failures="0" tests="4" name="mytests.OrangeHrmTest" time="0.853" errors="0" timestamp="05 Feb 2022 19:02:09 GMT" skipped="0">
  <testcase classname="mytests.OrangeHrmTest" name="logoTest" time="0.427"/>
  <testcase classname="mytests.OrangeHrmTest" name="contactSalesLinkTest" time="0.243"/>
  <testcase classname="mytests.OrangeHrmTest" name="headerTest" time="0.158"/>
  <testcase classname="mytests.OrangeHrmTest" name="pageTitleTest" time="0.025"/>
</testsuite> <!-- mytests.OrangeHrmTest -->
