<?xml version="1.0" encoding="UTF-8"?>
<!-- Generated by org.testng.reporters.JUnitReportReporter -->
<testsuite hostname="DESKTOP-TQA70RE" failures="0" tests="10" name="mytests.InvocationConcept" time="0.069" errors="0" timestamp="06 Feb 2022 18:05:53 GMT" skipped="0">
  <testcase classname="mytests.InvocationConcept" name="getUserTest" time="0.020"/>
  <testcase classname="mytests.InvocationConcept" name="getUserTest" time="0.004"/>
  <testcase classname="mytests.InvocationConcept" name="getUserTest" time="0.005"/>
  <testcase classname="mytests.InvocationConcept" name="getUserTest" time="0.005"/>
  <testcase classname="mytests.InvocationConcept" name="getUserTest" time="0.004"/>
  <testcase classname="mytests.InvocationConcept" name="getUserTest" time="0.006"/>
  <testcase classname="mytests.InvocationConcept" name="getUserTest" time="0.004"/>
  <testcase classname="mytests.InvocationConcept" name="getUserTest" time="0.009"/>
  <testcase classname="mytests.InvocationConcept" name="getUserTest" time="0.007"/>
  <testcase classname="mytests.InvocationConcept" name="getUserTest" time="0.005"/>
</testsuite> <!-- mytests.InvocationConcept -->
