<?xml version="1.0" encoding="UTF-8"?>
<!-- Generated by org.testng.reporters.JUnitReportReporter -->
<testsuite hostname="DESKTOP-TQA70RE" failures="0" tests="3" name="mytests.AppTest" time="0.015" errors="0" timestamp="05 Feb 2022 18:12:44 GMT" skipped="0">
  <testcase classname="mytests.AppTest" name="priceTest" time="0.002"/>
  <testcase classname="mytests.AppTest" name="searchTest" time="0.004"/>
  <testcase classname="mytests.AppTest" name="homePageTest" time="0.009"/>
</testsuite> <!-- mytests.AppTest -->
