<?xml version="1.0" encoding="UTF-8"?>
<!-- Generated by org.testng.reporters.JUnitReportReporter -->
<testsuite hostname="DESKTOP-TQA70RE" failures="0" tests="4" name="mytests.OrangeHrmTestBM" time="48.429" errors="0" timestamp="05 Feb 2022 19:05:41 GMT" skipped="0">
  <testcase classname="mytests.OrangeHrmTestBM" name="logoTest" time="10.445"/>
  <testcase classname="mytests.OrangeHrmTestBM" name="contactSalesLinkTest" time="16.121"/>
  <testcase classname="mytests.OrangeHrmTestBM" name="headerTest" time="10.609"/>
  <testcase classname="mytests.OrangeHrmTestBM" name="pageTitleTest" time="11.254"/>
</testsuite> <!-- mytests.OrangeHrmTestBM -->
