<?xml version="1.0" encoding="UTF-8"?>
<!-- Generated by org.testng.reporters.JUnitReportReporter -->
<testsuite hostname="DESKTOP-TQA70RE" failures="0" tests="7" name="mytests.loginPageTest" time="0.065" errors="0" timestamp="06 Feb 2022 18:41:38 GMT" skipped="0">
  <testcase classname="mytests.loginPageTest" name="loginTest" time="0.006"/>
  <testcase classname="mytests.loginPageTest" name="loginTest" time="0.012"/>
  <testcase classname="mytests.loginPageTest" name="loginTest" time="0.020"/>
  <testcase classname="mytests.loginPageTest" name="loginTest" time="0.010"/>
  <testcase classname="mytests.loginPageTest" name="loginTest" time="0.003"/>
  <testcase classname="mytests.loginPageTest" name="loginTest" time="0.008"/>
  <testcase classname="mytests.loginPageTest" name="loginTest" time="0.006"/>
</testsuite> <!-- mytests.loginPageTest -->
