<?xml version="1.0" encoding="UTF-8"?>
<!-- Generated by org.testng.reporters.JUnitReportReporter -->
<testsuite hostname="DESKTOP-TQA70RE" failures="0" tests="7" name="mytests.EcommTest" time="0.042" errors="0" timestamp="05 Feb 2022 18:22:05 GMT" skipped="0">
  <testcase classname="mytests.EcommTest" name="m2Test" time="0.004"/>
  <testcase classname="mytests.EcommTest" name="m1Test" time="0.018"/>
  <testcase classname="mytests.EcommTest" name="m3Test" time="0.006"/>
  <testcase classname="mytests.EcommTest" name="loginTest" time="0.003"/>
  <testcase classname="mytests.EcommTest" name="cartTest" time="0.003"/>
  <testcase classname="mytests.EcommTest" name="homeTest" time="0.005"/>
  <testcase classname="mytests.EcommTest" name="searchTest" time="0.003"/>
</testsuite> <!-- mytests.EcommTest -->
